<?xml version="1.0" encoding="UTF-8"?>
<testng-results skipped="1" failed="0" ignored="0" total="1" passed="0">
  <reporter-output>
  </reporter-output>
  <suite name="Default suite" duration-ms="16" started-at="2019-07-10T11:26:09Z" finished-at="2019-07-10T11:26:09Z">
    <groups>
    </groups>
    <test name="Default test" duration-ms="16" started-at="2019-07-10T11:26:09Z" finished-at="2019-07-10T11:26:09Z">
      <class name="Project.Day.TestCases">
        <test-method status="FAIL" signature="Config()[pri:0, instance:Project.Day.TestCases@d8355a8]" name="Config" is-config="true" duration-ms="1909" started-at="2019-07-10T11:26:07Z" finished-at="2019-07-10T11:26:09Z">
          <exception class="org.openqa.selenium.SessionNotCreatedException">
            <message>
              <![CDATA[session not created: This version of ChromeDriver only supports Chrome version 76
Build info: version: '3.141.59', revision: 'e82be7d358', time: '2018-11-14T08:17:03'
System info: host: 'NAV-L186', ip: '192.168.0.186', os.name: 'Windows 10', os.arch: 'amd64', os.version: '10.0', java.version: '1.8.0_212'
Driver info: driver.version: ChromeDriver
remote stacktrace: Backtrace:
Ordinal0 [0x001D7B13+1473299]
Ordinal0 [0x0015AC61+961633]
Ordinal0 [0x000E41A3+475555]
Ordinal0 [0x0007F365+62309]
Ordinal0 [0x0007BC77+48247]
Ordinal0 [0x00098FD9+167897]
Ordinal0 [0x00098BAD+166829]
Ordinal0 [0x000972BB+160443]
Ordinal0 [0x00080AE6+68326]
Ordinal0 [0x00081A80+72320]
Ordinal0 [0x00081A19+72217]
Ordinal0 [0x00174A27+1067559]
GetHandleVerifier [0x002766F5+506677]
GetHandleVerifier [0x00276490+506064]
GetHandleVerifier [0x0027D038+533624]
GetHandleVerifier [0x00276ECA+508682]
Ordinal0 [0x0016C116+1032470]
Ordinal0 [0x0016BF8F+1032079]
Ordinal0 [0x0017693B+1075515]
Ordinal0 [0x00176AA3+1075875]
Ordinal0 [0x00175A55+1071701]
BaseThreadInitThunk [0x77BA6359+25]
RtlGetAppContainerNamedObjectPath [0x77CF7A94+228]
RtlGetAppContainerNamedObjectPath [0x77CF7A64+180]
(No symbol) [0x00000000]
]]>
            </message>
            <full-stacktrace>
              <![CDATA[org.openqa.selenium.SessionNotCreatedException: session not created: This version of ChromeDriver only supports Chrome version 76
Build info: version: '3.141.59', revision: 'e82be7d358', time: '2018-11-14T08:17:03'
System info: host: 'NAV-L186', ip: '192.168.0.186', os.name: 'Windows 10', os.arch: 'amd64', os.version: '10.0', java.version: '1.8.0_212'
Driver info: driver.version: ChromeDriver
remote stacktrace: Backtrace:
Ordinal0 [0x001D7B13+1473299]
Ordinal0 [0x0015AC61+961633]
Ordinal0 [0x000E41A3+475555]
Ordinal0 [0x0007F365+62309]
Ordinal0 [0x0007BC77+48247]
Ordinal0 [0x00098FD9+167897]
Ordinal0 [0x00098BAD+166829]
Ordinal0 [0x000972BB+160443]
Ordinal0 [0x00080AE6+68326]
Ordinal0 [0x00081A80+72320]
Ordinal0 [0x00081A19+72217]
Ordinal0 [0x00174A27+1067559]
GetHandleVerifier [0x002766F5+506677]
GetHandleVerifier [0x00276490+506064]
GetHandleVerifier [0x0027D038+533624]
GetHandleVerifier [0x00276ECA+508682]
Ordinal0 [0x0016C116+1032470]
Ordinal0 [0x0016BF8F+1032079]
Ordinal0 [0x0017693B+1075515]
Ordinal0 [0x00176AA3+1075875]
Ordinal0 [0x00175A55+1071701]
BaseThreadInitThunk [0x77BA6359+25]
RtlGetAppContainerNamedObjectPath [0x77CF7A94+228]
RtlGetAppContainerNamedObjectPath [0x77CF7A64+180]
(No symbol) [0x00000000]

at sun.reflect.NativeConstructorAccessorImpl.newInstance0(Native Method)
at sun.reflect.NativeConstructorAccessorImpl.newInstance(Unknown Source)
at sun.reflect.DelegatingConstructorAccessorImpl.newInstance(Unknown Source)
at java.lang.reflect.Constructor.newInstance(Unknown Source)
at org.openqa.selenium.remote.W3CHandshakeResponse.lambda$errorHandler$0(W3CHandshakeResponse.java:62)
at org.openqa.selenium.remote.HandshakeResponse.lambda$getResponseFunction$0(HandshakeResponse.java:30)
at org.openqa.selenium.remote.ProtocolHandshake.lambda$createSession$0(ProtocolHandshake.java:126)
at java.util.stream.ReferencePipeline$3$1.accept(Unknown Source)
at java.util.Spliterators$ArraySpliterator.tryAdvance(Unknown Source)
at java.util.stream.ReferencePipeline.forEachWithCancel(Unknown Source)
at java.util.stream.AbstractPipeline.copyIntoWithCancel(Unknown Source)
at java.util.stream.AbstractPipeline.copyInto(Unknown Source)
at java.util.stream.AbstractPipeline.wrapAndCopyInto(Unknown Source)
at java.util.stream.FindOps$FindOp.evaluateSequential(Unknown Source)
at java.util.stream.AbstractPipeline.evaluate(Unknown Source)
at java.util.stream.ReferencePipeline.findFirst(Unknown Source)
at org.openqa.selenium.remote.ProtocolHandshake.createSession(ProtocolHandshake.java:128)
at org.openqa.selenium.remote.ProtocolHandshake.createSession(ProtocolHandshake.java:74)
at org.openqa.selenium.remote.HttpCommandExecutor.execute(HttpCommandExecutor.java:136)
at org.openqa.selenium.remote.service.DriverCommandExecutor.execute(DriverCommandExecutor.java:83)
at org.openqa.selenium.remote.RemoteWebDriver.execute(RemoteWebDriver.java:552)
at org.openqa.selenium.remote.RemoteWebDriver.startSession(RemoteWebDriver.java:213)
at org.openqa.selenium.remote.RemoteWebDriver.<init>(RemoteWebDriver.java:131)
at org.openqa.selenium.chrome.ChromeDriver.<init>(ChromeDriver.java:181)
at org.openqa.selenium.chrome.ChromeDriver.<init>(ChromeDriver.java:168)
at org.openqa.selenium.chrome.ChromeDriver.<init>(ChromeDriver.java:123)
at Project.Day.Base.Config(Base.java:16)
at sun.reflect.NativeMethodAccessorImpl.invoke0(Native Method)
at sun.reflect.NativeMethodAccessorImpl.invoke(Unknown Source)
at sun.reflect.DelegatingMethodAccessorImpl.invoke(Unknown Source)
at java.lang.reflect.Method.invoke(Unknown Source)
at org.testng.internal.MethodInvocationHelper.invokeMethod(MethodInvocationHelper.java:124)
at org.testng.internal.MethodInvocationHelper.invokeMethodConsideringTimeout(MethodInvocationHelper.java:59)
at org.testng.internal.Invoker.invokeConfigurationMethod(Invoker.java:458)
at org.testng.internal.Invoker.invokeConfigurations(Invoker.java:222)
at org.testng.internal.Invoker.invokeConfigurations(Invoker.java:142)
at org.testng.SuiteRunner.privateRun(SuiteRunner.java:401)
at org.testng.SuiteRunner.run(SuiteRunner.java:364)
at org.testng.SuiteRunnerWorker.runSuite(SuiteRunnerWorker.java:52)
at org.testng.SuiteRunnerWorker.run(SuiteRunnerWorker.java:84)
at org.testng.TestNG.runSuitesSequentially(TestNG.java:1208)
at org.testng.TestNG.runSuitesLocally(TestNG.java:1137)
at org.testng.TestNG.runSuites(TestNG.java:1049)
at org.testng.TestNG.run(TestNG.java:1017)
at org.testng.remote.AbstractRemoteTestNG.run(AbstractRemoteTestNG.java:115)
at org.testng.remote.RemoteTestNG.initAndRun(RemoteTestNG.java:251)
at org.testng.remote.RemoteTestNG.main(RemoteTestNG.java:77)
]]>
            </full-stacktrace>
          </exception> <!-- org.openqa.selenium.SessionNotCreatedException -->
          <reporter-output>
          </reporter-output>
        </test-method> <!-- Config -->
        <test-method status="SKIP" signature="TC1()[pri:0, instance:Project.Day.TestCases@d8355a8]" name="TC1" duration-ms="0" started-at="2019-07-10T11:26:09Z" finished-at="2019-07-10T11:26:09Z">
          <exception class="org.openqa.selenium.SessionNotCreatedException">
            <message>
              <![CDATA[session not created: This version of ChromeDriver only supports Chrome version 76
Build info: version: '3.141.59', revision: 'e82be7d358', time: '2018-11-14T08:17:03'
System info: host: 'NAV-L186', ip: '192.168.0.186', os.name: 'Windows 10', os.arch: 'amd64', os.version: '10.0', java.version: '1.8.0_212'
Driver info: driver.version: ChromeDriver
remote stacktrace: Backtrace:
Ordinal0 [0x001D7B13+1473299]
Ordinal0 [0x0015AC61+961633]
Ordinal0 [0x000E41A3+475555]
Ordinal0 [0x0007F365+62309]
Ordinal0 [0x0007BC77+48247]
Ordinal0 [0x00098FD9+167897]
Ordinal0 [0x00098BAD+166829]
Ordinal0 [0x000972BB+160443]
Ordinal0 [0x00080AE6+68326]
Ordinal0 [0x00081A80+72320]
Ordinal0 [0x00081A19+72217]
Ordinal0 [0x00174A27+1067559]
GetHandleVerifier [0x002766F5+506677]
GetHandleVerifier [0x00276490+506064]
GetHandleVerifier [0x0027D038+533624]
GetHandleVerifier [0x00276ECA+508682]
Ordinal0 [0x0016C116+1032470]
Ordinal0 [0x0016BF8F+1032079]
Ordinal0 [0x0017693B+1075515]
Ordinal0 [0x00176AA3+1075875]
Ordinal0 [0x00175A55+1071701]
BaseThreadInitThunk [0x77BA6359+25]
RtlGetAppContainerNamedObjectPath [0x77CF7A94+228]
RtlGetAppContainerNamedObjectPath [0x77CF7A64+180]
(No symbol) [0x00000000]
]]>
            </message>
            <full-stacktrace>
              <![CDATA[org.openqa.selenium.SessionNotCreatedException: session not created: This version of ChromeDriver only supports Chrome version 76
Build info: version: '3.141.59', revision: 'e82be7d358', time: '2018-11-14T08:17:03'
System info: host: 'NAV-L186', ip: '192.168.0.186', os.name: 'Windows 10', os.arch: 'amd64', os.version: '10.0', java.version: '1.8.0_212'
Driver info: driver.version: ChromeDriver
remote stacktrace: Backtrace:
Ordinal0 [0x001D7B13+1473299]
Ordinal0 [0x0015AC61+961633]
Ordinal0 [0x000E41A3+475555]
Ordinal0 [0x0007F365+62309]
Ordinal0 [0x0007BC77+48247]
Ordinal0 [0x00098FD9+167897]
Ordinal0 [0x00098BAD+166829]
Ordinal0 [0x000972BB+160443]
Ordinal0 [0x00080AE6+68326]
Ordinal0 [0x00081A80+72320]
Ordinal0 [0x00081A19+72217]
Ordinal0 [0x00174A27+1067559]
GetHandleVerifier [0x002766F5+506677]
GetHandleVerifier [0x00276490+506064]
GetHandleVerifier [0x0027D038+533624]
GetHandleVerifier [0x00276ECA+508682]
Ordinal0 [0x0016C116+1032470]
Ordinal0 [0x0016BF8F+1032079]
Ordinal0 [0x0017693B+1075515]
Ordinal0 [0x00176AA3+1075875]
Ordinal0 [0x00175A55+1071701]
BaseThreadInitThunk [0x77BA6359+25]
RtlGetAppContainerNamedObjectPath [0x77CF7A94+228]
RtlGetAppContainerNamedObjectPath [0x77CF7A64+180]
(No symbol) [0x00000000]

at sun.reflect.NativeConstructorAccessorImpl.newInstance0(Native Method)
at sun.reflect.NativeConstructorAccessorImpl.newInstance(Unknown Source)
at sun.reflect.DelegatingConstructorAccessorImpl.newInstance(Unknown Source)
at java.lang.reflect.Constructor.newInstance(Unknown Source)
at org.openqa.selenium.remote.W3CHandshakeResponse.lambda$errorHandler$0(W3CHandshakeResponse.java:62)
at org.openqa.selenium.remote.HandshakeResponse.lambda$getResponseFunction$0(HandshakeResponse.java:30)
at org.openqa.selenium.remote.ProtocolHandshake.lambda$createSession$0(ProtocolHandshake.java:126)
at java.util.stream.ReferencePipeline$3$1.accept(Unknown Source)
at java.util.Spliterators$ArraySpliterator.tryAdvance(Unknown Source)
at java.util.stream.ReferencePipeline.forEachWithCancel(Unknown Source)
at java.util.stream.AbstractPipeline.copyIntoWithCancel(Unknown Source)
at java.util.stream.AbstractPipeline.copyInto(Unknown Source)
at java.util.stream.AbstractPipeline.wrapAndCopyInto(Unknown Source)
at java.util.stream.FindOps$FindOp.evaluateSequential(Unknown Source)
at java.util.stream.AbstractPipeline.evaluate(Unknown Source)
at java.util.stream.ReferencePipeline.findFirst(Unknown Source)
at org.openqa.selenium.remote.ProtocolHandshake.createSession(ProtocolHandshake.java:128)
at org.openqa.selenium.remote.ProtocolHandshake.createSession(ProtocolHandshake.java:74)
at org.openqa.selenium.remote.HttpCommandExecutor.execute(HttpCommandExecutor.java:136)
at org.openqa.selenium.remote.service.DriverCommandExecutor.execute(DriverCommandExecutor.java:83)
at org.openqa.selenium.remote.RemoteWebDriver.execute(RemoteWebDriver.java:552)
at org.openqa.selenium.remote.RemoteWebDriver.startSession(RemoteWebDriver.java:213)
at org.openqa.selenium.remote.RemoteWebDriver.<init>(RemoteWebDriver.java:131)
at org.openqa.selenium.chrome.ChromeDriver.<init>(ChromeDriver.java:181)
at org.openqa.selenium.chrome.ChromeDriver.<init>(ChromeDriver.java:168)
at org.openqa.selenium.chrome.ChromeDriver.<init>(ChromeDriver.java:123)
at Project.Day.Base.Config(Base.java:16)
at sun.reflect.NativeMethodAccessorImpl.invoke0(Native Method)
at sun.reflect.NativeMethodAccessorImpl.invoke(Unknown Source)
at sun.reflect.DelegatingMethodAccessorImpl.invoke(Unknown Source)
at java.lang.reflect.Method.invoke(Unknown Source)
at org.testng.internal.MethodInvocationHelper.invokeMethod(MethodInvocationHelper.java:124)
at org.testng.internal.MethodInvocationHelper.invokeMethodConsideringTimeout(MethodInvocationHelper.java:59)
at org.testng.internal.Invoker.invokeConfigurationMethod(Invoker.java:458)
at org.testng.internal.Invoker.invokeConfigurations(Invoker.java:222)
at org.testng.internal.Invoker.invokeConfigurations(Invoker.java:142)
at org.testng.SuiteRunner.privateRun(SuiteRunner.java:401)
at org.testng.SuiteRunner.run(SuiteRunner.java:364)
at org.testng.SuiteRunnerWorker.runSuite(SuiteRunnerWorker.java:52)
at org.testng.SuiteRunnerWorker.run(SuiteRunnerWorker.java:84)
at org.testng.TestNG.runSuitesSequentially(TestNG.java:1208)
at org.testng.TestNG.runSuitesLocally(TestNG.java:1137)
at org.testng.TestNG.runSuites(TestNG.java:1049)
at org.testng.TestNG.run(TestNG.java:1017)
at org.testng.remote.AbstractRemoteTestNG.run(AbstractRemoteTestNG.java:115)
at org.testng.remote.RemoteTestNG.initAndRun(RemoteTestNG.java:251)
at org.testng.remote.RemoteTestNG.main(RemoteTestNG.java:77)
]]>
            </full-stacktrace>
          </exception> <!-- org.openqa.selenium.SessionNotCreatedException -->
          <reporter-output>
          </reporter-output>
        </test-method> <!-- TC1 -->
        <test-method status="SKIP" signature="TearDown()[pri:0, instance:Project.Day.TestCases@d8355a8]" name="TearDown" is-config="true" duration-ms="0" started-at="2019-07-10T11:26:09Z" finished-at="2019-07-10T11:26:09Z">
          <reporter-output>
          </reporter-output>
        </test-method> <!-- TearDown -->
      </class> <!-- Project.Day.TestCases -->
    </test> <!-- Default test -->
  </suite> <!-- Default suite -->
</testng-results>
